<?xml version="1.0" encoding="UTF-8"?>
<!-- Generated by org.testng.reporters.JUnitReportReporter -->
<testsuite hostname="DESKTOP-H3SNJHA" failures="0" tests="1" name="com.shop.testcases.productOrderingTest" time="61.210" errors="0" timestamp="2021-04-19T09:06:51 IST" skipped="0">
  <testcase classname="com.shop.testcases.productOrderingTest" name="OrderingSelection" time="61.210"/>
  <system-out/>
</testsuite> <!-- com.shop.testcases.productOrderingTest -->
